/lib64/ld-linux-x86-64.so.2
libc.so.6
exit
srand
__isoc99_scanf
time
putchar
printf
malloc
strcmp
__libc_start_main
__gmon_start__
GLIBC_2.7
GLIBC_2.2.5
UH-x
UH-x
=1	 
[]A\A]A^A_
SuperSeKretKey
%20s
[%s]
;*3$"
GCC: (GNU) 4.8.5 20150623 (Red Hat 4.8.5-11)
.shstrtab
.interp
.note.ABI-tag
.note.gnu.build-id
.gnu.hash
.dynsym
.dynstr
.gnu.version
.gnu.version_r
.rela.dyn
.rela.plt
.init
.text
.fini
.rodata
.eh_frame_hdr
.eh_frame
.init_array
.fini_array
.jcr
.dynamic
.got
.got.plt
.data
.bss
.comment
